2020-04-30 11:26:37,386 INFO [main] g.i.g.l.HelloWorldLogbak [HelloWorldLogbak.java:13] hello world
2020-04-30 11:26:37,422 INFO [main] g.i.g.l.HelloWorldLogbak [HelloWorldLogbak.java:13] hello world
2020-04-30 11:26:37,453 INFO [main] g.i.g.l.HelloWorldLogbak [HelloWorldLogbak.java:13] hello world
2020-04-30 11:26:37,483 INFO [main] g.i.g.l.HelloWorldLogbak [HelloWorldLogbak.java:13] hello world
2020-04-30 11:26:37,513 INFO [main] g.i.g.l.HelloWorldLogbak [HelloWorldLogbak.java:13] hello world
2020-04-30 11:26:37,544 INFO [main] g.i.g.l.HelloWorldLogbak [HelloWorldLogbak.java:13] hello world
2020-04-30 11:26:37,576 INFO [main] g.i.g.l.HelloWorldLogbak [HelloWorldLogbak.java:13] hello world
2020-04-30 11:26:37,606 INFO [main] g.i.g.l.HelloWorldLogbak [HelloWorldLogbak.java:13] hello world
2020-04-30 11:26:37,636 INFO [main] g.i.g.l.HelloWorldLogbak [HelloWorldLogbak.java:13] hello world
2020-04-30 11:26:37,667 INFO [main] g.i.g.l.HelloWorldLogbak [HelloWorldLogbak.java:13] hello world
2020-04-30 11:26:37,697 INFO [main] g.i.g.l.HelloWorldLogbak [HelloWorldLogbak.java:13] hello world
2020-04-30 11:26:37,727 INFO [main] g.i.g.l.HelloWorldLogbak [HelloWorldLogbak.java:13] hello world
2020-04-30 11:26:37,757 INFO [main] g.i.g.l.HelloWorldLogbak [HelloWorldLogbak.java:13] hello world
2020-04-30 11:26:37,788 INFO [main] g.i.g.l.HelloWorldLogbak [HelloWorldLogbak.java:13] hello world
2020-04-30 11:26:37,819 INFO [main] g.i.g.l.HelloWorldLogbak [HelloWorldLogbak.java:13] hello world
2020-04-30 11:26:37,849 INFO [main] g.i.g.l.HelloWorldLogbak [HelloWorldLogbak.java:13] hello world
2020-04-30 11:26:37,881 INFO [main] g.i.g.l.HelloWorldLogbak [HelloWorldLogbak.java:13] hello world
2020-04-30 11:26:37,911 INFO [main] g.i.g.l.HelloWorldLogbak [HelloWorldLogbak.java:13] hello world
2020-04-30 11:26:37,941 INFO [main] g.i.g.l.HelloWorldLogbak [HelloWorldLogbak.java:13] hello world
2020-04-30 11:26:37,972 INFO [main] g.i.g.l.HelloWorldLogbak [HelloWorldLogbak.java:13] hello world
2020-04-30 11:26:38,002 INFO [main] g.i.g.l.HelloWorldLogbak [HelloWorldLogbak.java:13] hello world
2020-04-30 11:26:38,033 INFO [main] g.i.g.l.HelloWorldLogbak [HelloWorldLogbak.java:13] hello world
2020-04-30 11:26:38,063 INFO [main] g.i.g.l.HelloWorldLogbak [HelloWorldLogbak.java:13] hello world
2020-04-30 11:26:38,094 INFO [main] g.i.g.l.HelloWorldLogbak [HelloWorldLogbak.java:13] hello world
2020-04-30 11:26:38,129 INFO [main] g.i.g.l.HelloWorldLogbak [HelloWorldLogbak.java:13] hello world
2020-04-30 11:26:38,161 INFO [main] g.i.g.l.HelloWorldLogbak [HelloWorldLogbak.java:13] hello world
2020-04-30 11:26:38,192 INFO [main] g.i.g.l.HelloWorldLogbak [HelloWorldLogbak.java:13] hello world
2020-04-30 11:26:38,223 INFO [main] g.i.g.l.HelloWorldLogbak [HelloWorldLogbak.java:13] hello world
2020-04-30 11:26:38,253 INFO [main] g.i.g.l.HelloWorldLogbak [HelloWorldLogbak.java:13] hello world
2020-04-30 11:26:38,285 INFO [main] g.i.g.l.HelloWorldLogbak [HelloWorldLogbak.java:13] hello world
2020-04-30 11:26:38,316 INFO [main] g.i.g.l.HelloWorldLogbak [HelloWorldLogbak.java:13] hello world
2020-04-30 11:26:38,346 INFO [main] g.i.g.l.HelloWorldLogbak [HelloWorldLogbak.java:13] hello world
2020-04-30 11:26:38,378 INFO [main] g.i.g.l.HelloWorldLogbak [HelloWorldLogbak.java:13] hello world
2020-04-30 11:26:38,421 INFO [main] g.i.g.l.HelloWorldLogbak [HelloWorldLogbak.java:13] hello world
2020-04-30 11:26:38,452 INFO [main] g.i.g.l.HelloWorldLogbak [HelloWorldLogbak.java:13] hello world
2020-04-30 11:26:38,494 INFO [main] g.i.g.l.HelloWorldLogbak [HelloWorldLogbak.java:13] hello world
2020-04-30 11:26:38,538 INFO [main] g.i.g.l.HelloWorldLogbak [HelloWorldLogbak.java:13] hello world
2020-04-30 11:26:38,570 INFO [main] g.i.g.l.HelloWorldLogbak [HelloWorldLogbak.java:13] hello world
2020-04-30 11:26:38,610 INFO [main] g.i.g.l.HelloWorldLogbak [HelloWorldLogbak.java:13] hello world
2020-04-30 11:26:38,644 INFO [main] g.i.g.l.HelloWorldLogbak [HelloWorldLogbak.java:13] hello world
2020-04-30 11:26:38,675 INFO [main] g.i.g.l.HelloWorldLogbak [HelloWorldLogbak.java:13] hello world
2020-04-30 11:26:38,705 INFO [main] g.i.g.l.HelloWorldLogbak [HelloWorldLogbak.java:13] hello world
2020-04-30 11:26:38,735 INFO [main] g.i.g.l.HelloWorldLogbak [HelloWorldLogbak.java:13] hello world
2020-04-30 11:26:38,773 INFO [main] g.i.g.l.HelloWorldLogbak [HelloWorldLogbak.java:13] hello world
2020-04-30 11:26:38,803 INFO [main] g.i.g.l.HelloWorldLogbak [HelloWorldLogbak.java:13] hello world
2020-04-30 11:26:38,835 INFO [main] g.i.g.l.HelloWorldLogbak [HelloWorldLogbak.java:13] hello world
2020-04-30 11:26:38,865 INFO [main] g.i.g.l.HelloWorldLogbak [HelloWorldLogbak.java:13] hello world
2020-04-30 11:26:38,896 INFO [main] g.i.g.l.HelloWorldLogbak [HelloWorldLogbak.java:13] hello world
2020-04-30 11:26:38,927 INFO [main] g.i.g.l.HelloWorldLogbak [HelloWorldLogbak.java:13] hello world
2020-04-30 11:26:38,962 INFO [main] g.i.g.l.HelloWorldLogbak [HelloWorldLogbak.java:13] hello world
2020-04-30 11:26:38,995 INFO [main] g.i.g.l.HelloWorldLogbak [HelloWorldLogbak.java:13] hello world
2020-04-30 11:26:39,032 INFO [main] g.i.g.l.HelloWorldLogbak [HelloWorldLogbak.java:13] hello world
2020-04-30 11:26:39,062 INFO [main] g.i.g.l.HelloWorldLogbak [HelloWorldLogbak.java:13] hello world
2020-04-30 11:26:39,092 INFO [main] g.i.g.l.HelloWorldLogbak [HelloWorldLogbak.java:13] hello world
2020-04-30 11:26:39,123 INFO [main] g.i.g.l.HelloWorldLogbak [HelloWorldLogbak.java:13] hello world
2020-04-30 11:26:39,155 INFO [main] g.i.g.l.HelloWorldLogbak [HelloWorldLogbak.java:13] hello world
2020-04-30 11:26:39,187 INFO [main] g.i.g.l.HelloWorldLogbak [HelloWorldLogbak.java:13] hello world
2020-04-30 11:26:39,217 INFO [main] g.i.g.l.HelloWorldLogbak [HelloWorldLogbak.java:13] hello world
2020-04-30 11:26:39,248 INFO [main] g.i.g.l.HelloWorldLogbak [HelloWorldLogbak.java:13] hello world
2020-04-30 11:26:39,278 INFO [main] g.i.g.l.HelloWorldLogbak [HelloWorldLogbak.java:13] hello world
2020-04-30 11:26:39,310 INFO [main] g.i.g.l.HelloWorldLogbak [HelloWorldLogbak.java:13] hello world
2020-04-30 11:26:39,341 INFO [main] g.i.g.l.HelloWorldLogbak [HelloWorldLogbak.java:13] hello world
2020-04-30 11:26:39,372 INFO [main] g.i.g.l.HelloWorldLogbak [HelloWorldLogbak.java:13] hello world
2020-04-30 11:26:39,403 INFO [main] g.i.g.l.HelloWorldLogbak [HelloWorldLogbak.java:13] hello world
2020-04-30 11:26:39,434 INFO [main] g.i.g.l.HelloWorldLogbak [HelloWorldLogbak.java:13] hello world
2020-04-30 11:26:39,464 INFO [main] g.i.g.l.HelloWorldLogbak [HelloWorldLogbak.java:13] hello world
2020-04-30 11:26:39,494 INFO [main] g.i.g.l.HelloWorldLogbak [HelloWorldLogbak.java:13] hello world
2020-04-30 11:26:39,525 INFO [main] g.i.g.l.HelloWorldLogbak [HelloWorldLogbak.java:13] hello world
2020-04-30 11:26:39,555 INFO [main] g.i.g.l.HelloWorldLogbak [HelloWorldLogbak.java:13] hello world
2020-04-30 11:26:39,585 INFO [main] g.i.g.l.HelloWorldLogbak [HelloWorldLogbak.java:13] hello world
2020-04-30 11:26:39,616 INFO [main] g.i.g.l.HelloWorldLogbak [HelloWorldLogbak.java:13] hello world
2020-04-30 11:26:39,647 INFO [main] g.i.g.l.HelloWorldLogbak [HelloWorldLogbak.java:13] hello world
2020-04-30 11:26:39,677 INFO [main] g.i.g.l.HelloWorldLogbak [HelloWorldLogbak.java:13] hello world
2020-04-30 11:26:39,709 INFO [main] g.i.g.l.HelloWorldLogbak [HelloWorldLogbak.java:13] hello world
2020-04-30 11:26:39,739 INFO [main] g.i.g.l.HelloWorldLogbak [HelloWorldLogbak.java:13] hello world
2020-04-30 11:26:39,769 INFO [main] g.i.g.l.HelloWorldLogbak [HelloWorldLogbak.java:13] hello world
2020-04-30 11:26:39,799 INFO [main] g.i.g.l.HelloWorldLogbak [HelloWorldLogbak.java:13] hello world
2020-04-30 11:26:39,830 INFO [main] g.i.g.l.HelloWorldLogbak [HelloWorldLogbak.java:13] hello world
2020-04-30 11:26:39,861 INFO [main] g.i.g.l.HelloWorldLogbak [HelloWorldLogbak.java:13] hello world
2020-04-30 11:26:39,892 INFO [main] g.i.g.l.HelloWorldLogbak [HelloWorldLogbak.java:13] hello world
2020-04-30 11:26:39,922 INFO [main] g.i.g.l.HelloWorldLogbak [HelloWorldLogbak.java:13] hello world
2020-04-30 11:26:39,953 INFO [main] g.i.g.l.HelloWorldLogbak [HelloWorldLogbak.java:13] hello world
2020-04-30 11:26:39,983 INFO [main] g.i.g.l.HelloWorldLogbak [HelloWorldLogbak.java:13] hello world
2020-04-30 11:26:40,014 INFO [main] g.i.g.l.HelloWorldLogbak [HelloWorldLogbak.java:13] hello world
2020-04-30 11:26:40,049 INFO [main] g.i.g.l.HelloWorldLogbak [HelloWorldLogbak.java:13] hello world
2020-04-30 11:26:40,088 INFO [main] g.i.g.l.HelloWorldLogbak [HelloWorldLogbak.java:13] hello world
2020-04-30 11:26:40,119 INFO [main] g.i.g.l.HelloWorldLogbak [HelloWorldLogbak.java:13] hello world
2020-04-30 11:26:40,149 INFO [main] g.i.g.l.HelloWorldLogbak [HelloWorldLogbak.java:13] hello world
2020-04-30 11:26:40,179 INFO [main] g.i.g.l.HelloWorldLogbak [HelloWorldLogbak.java:13] hello world
2020-04-30 11:26:40,210 INFO [main] g.i.g.l.HelloWorldLogbak [HelloWorldLogbak.java:13] hello world
2020-04-30 11:26:40,241 INFO [main] g.i.g.l.HelloWorldLogbak [HelloWorldLogbak.java:13] hello world
2020-04-30 11:26:40,271 INFO [main] g.i.g.l.HelloWorldLogbak [HelloWorldLogbak.java:13] hello world
2020-04-30 11:26:40,303 INFO [main] g.i.g.l.HelloWorldLogbak [HelloWorldLogbak.java:13] hello world
2020-04-30 11:26:40,333 INFO [main] g.i.g.l.HelloWorldLogbak [HelloWorldLogbak.java:13] hello world
2020-04-30 11:26:40,364 INFO [main] g.i.g.l.HelloWorldLogbak [HelloWorldLogbak.java:13] hello world
2020-04-30 11:26:40,394 INFO [main] g.i.g.l.HelloWorldLogbak [HelloWorldLogbak.java:13] hello world
2020-04-30 11:26:40,426 INFO [main] g.i.g.l.HelloWorldLogbak [HelloWorldLogbak.java:13] hello world
2020-04-30 11:26:40,457 INFO [main] g.i.g.l.HelloWorldLogbak [HelloWorldLogbak.java:13] hello world
2020-04-30 11:26:40,487 INFO [main] g.i.g.l.HelloWorldLogbak [HelloWorldLogbak.java:13] hello world
2020-04-30 11:26:40,520 INFO [main] g.i.g.l.HelloWorldLogbak [HelloWorldLogbak.java:13] hello world
2020-04-30 11:26:40,551 INFO [main] g.i.g.l.HelloWorldLogbak [HelloWorldLogbak.java:13] hello world
2020-04-30 11:26:40,581 INFO [main] g.i.g.l.HelloWorldLogbak [HelloWorldLogbak.java:13] hello world
2020-04-30 11:26:40,612 INFO [main] g.i.g.l.HelloWorldLogbak [HelloWorldLogbak.java:13] hello world
2020-04-30 11:26:40,644 INFO [main] g.i.g.l.HelloWorldLogbak [HelloWorldLogbak.java:13] hello world
2020-04-30 11:26:40,674 INFO [main] g.i.g.l.HelloWorldLogbak [HelloWorldLogbak.java:13] hello world
2020-04-30 11:26:40,705 INFO [main] g.i.g.l.HelloWorldLogbak [HelloWorldLogbak.java:13] hello world
2020-04-30 11:26:40,735 INFO [main] g.i.g.l.HelloWorldLogbak [HelloWorldLogbak.java:13] hello world
2020-04-30 11:26:40,765 INFO [main] g.i.g.l.HelloWorldLogbak [HelloWorldLogbak.java:13] hello world
2020-04-30 11:26:40,795 INFO [main] g.i.g.l.HelloWorldLogbak [HelloWorldLogbak.java:13] hello world
2020-04-30 11:26:40,825 INFO [main] g.i.g.l.HelloWorldLogbak [HelloWorldLogbak.java:13] hello world
2020-04-30 11:26:40,855 INFO [main] g.i.g.l.HelloWorldLogbak [HelloWorldLogbak.java:13] hello world
2020-04-30 11:26:40,886 INFO [main] g.i.g.l.HelloWorldLogbak [HelloWorldLogbak.java:13] hello world
2020-04-30 11:26:40,916 INFO [main] g.i.g.l.HelloWorldLogbak [HelloWorldLogbak.java:13] hello world
2020-04-30 11:26:40,946 INFO [main] g.i.g.l.HelloWorldLogbak [HelloWorldLogbak.java:13] hello world
2020-04-30 11:26:40,977 INFO [main] g.i.g.l.HelloWorldLogbak [HelloWorldLogbak.java:13] hello world
2020-04-30 11:27:26,063 INFO [main] g.i.g.l.HelloWorldLogbak [HelloWorldLogbak.java:13] hello world
2020-04-30 11:27:26,101 INFO [main] g.i.g.l.HelloWorldLogbak [HelloWorldLogbak.java:13] hello world
2020-04-30 11:27:26,131 INFO [main] g.i.g.l.HelloWorldLogbak [HelloWorldLogbak.java:13] hello world
2020-04-30 11:27:26,161 INFO [main] g.i.g.l.HelloWorldLogbak [HelloWorldLogbak.java:13] hello world
2020-04-30 11:27:26,192 INFO [main] g.i.g.l.HelloWorldLogbak [HelloWorldLogbak.java:13] hello world
2020-04-30 11:27:26,223 INFO [main] g.i.g.l.HelloWorldLogbak [HelloWorldLogbak.java:13] hello world
2020-04-30 11:27:26,253 INFO [main] g.i.g.l.HelloWorldLogbak [HelloWorldLogbak.java:13] hello world
2020-04-30 11:27:26,283 INFO [main] g.i.g.l.HelloWorldLogbak [HelloWorldLogbak.java:13] hello world
2020-04-30 11:27:26,314 INFO [main] g.i.g.l.HelloWorldLogbak [HelloWorldLogbak.java:13] hello world
2020-04-30 11:27:26,345 INFO [main] g.i.g.l.HelloWorldLogbak [HelloWorldLogbak.java:13] hello world
2020-04-30 11:27:26,376 INFO [main] g.i.g.l.HelloWorldLogbak [HelloWorldLogbak.java:13] hello world
2020-04-30 11:27:26,406 INFO [main] g.i.g.l.HelloWorldLogbak [HelloWorldLogbak.java:13] hello world
2020-04-30 11:27:26,437 INFO [main] g.i.g.l.HelloWorldLogbak [HelloWorldLogbak.java:13] hello world
2020-04-30 11:27:26,467 INFO [main] g.i.g.l.HelloWorldLogbak [HelloWorldLogbak.java:13] hello world
2020-04-30 11:27:26,498 INFO [main] g.i.g.l.HelloWorldLogbak [HelloWorldLogbak.java:13] hello world
2020-04-30 11:27:26,528 INFO [main] g.i.g.l.HelloWorldLogbak [HelloWorldLogbak.java:13] hello world
2020-04-30 11:27:26,558 INFO [main] g.i.g.l.HelloWorldLogbak [HelloWorldLogbak.java:13] hello world
2020-04-30 11:27:26,589 INFO [main] g.i.g.l.HelloWorldLogbak [HelloWorldLogbak.java:13] hello world
2020-04-30 11:27:26,620 INFO [main] g.i.g.l.HelloWorldLogbak [HelloWorldLogbak.java:13] hello world
2020-04-30 11:27:26,650 INFO [main] g.i.g.l.HelloWorldLogbak [HelloWorldLogbak.java:13] hello world
2020-04-30 11:27:26,680 INFO [main] g.i.g.l.HelloWorldLogbak [HelloWorldLogbak.java:13] hello world
2020-04-30 11:27:26,719 INFO [main] g.i.g.l.HelloWorldLogbak [HelloWorldLogbak.java:13] hello world
2020-04-30 11:27:26,753 INFO [main] g.i.g.l.HelloWorldLogbak [HelloWorldLogbak.java:13] hello world
2020-04-30 11:27:26,784 INFO [main] g.i.g.l.HelloWorldLogbak [HelloWorldLogbak.java:13] hello world
2020-04-30 11:27:26,814 INFO [main] g.i.g.l.HelloWorldLogbak [HelloWorldLogbak.java:13] hello world
2020-04-30 11:27:26,845 INFO [main] g.i.g.l.HelloWorldLogbak [HelloWorldLogbak.java:13] hello world
2020-04-30 11:27:26,876 INFO [main] g.i.g.l.HelloWorldLogbak [HelloWorldLogbak.java:13] hello world
2020-04-30 11:27:26,907 INFO [main] g.i.g.l.HelloWorldLogbak [HelloWorldLogbak.java:13] hello world
2020-04-30 11:27:26,938 INFO [main] g.i.g.l.HelloWorldLogbak [HelloWorldLogbak.java:13] hello world
2020-04-30 11:27:26,969 INFO [main] g.i.g.l.HelloWorldLogbak [HelloWorldLogbak.java:13] hello world
2020-04-30 11:27:27,001 INFO [main] g.i.g.l.HelloWorldLogbak [HelloWorldLogbak.java:13] hello world
2020-04-30 11:27:27,032 INFO [main] g.i.g.l.HelloWorldLogbak [HelloWorldLogbak.java:13] hello world
2020-04-30 11:27:27,063 INFO [main] g.i.g.l.HelloWorldLogbak [HelloWorldLogbak.java:13] hello world
2020-04-30 11:27:27,095 INFO [main] g.i.g.l.HelloWorldLogbak [HelloWorldLogbak.java:13] hello world
2020-04-30 11:27:27,127 INFO [main] g.i.g.l.HelloWorldLogbak [HelloWorldLogbak.java:13] hello world
2020-04-30 11:27:27,160 INFO [main] g.i.g.l.HelloWorldLogbak [HelloWorldLogbak.java:13] hello world
2020-04-30 11:27:27,196 INFO [main] g.i.g.l.HelloWorldLogbak [HelloWorldLogbak.java:13] hello world
2020-04-30 11:27:27,229 INFO [main] g.i.g.l.HelloWorldLogbak [HelloWorldLogbak.java:13] hello world
2020-04-30 11:27:27,259 INFO [main] g.i.g.l.HelloWorldLogbak [HelloWorldLogbak.java:13] hello world
2020-04-30 11:27:27,304 INFO [main] g.i.g.l.HelloWorldLogbak [HelloWorldLogbak.java:13] hello world
2020-04-30 11:27:27,335 INFO [main] g.i.g.l.HelloWorldLogbak [HelloWorldLogbak.java:13] hello world
2020-04-30 11:27:27,366 INFO [main] g.i.g.l.HelloWorldLogbak [HelloWorldLogbak.java:13] hello world
2020-04-30 11:27:27,397 INFO [main] g.i.g.l.HelloWorldLogbak [HelloWorldLogbak.java:13] hello world
2020-04-30 11:27:27,427 INFO [main] g.i.g.l.HelloWorldLogbak [HelloWorldLogbak.java:13] hello world
2020-04-30 11:27:27,458 INFO [main] g.i.g.l.HelloWorldLogbak [HelloWorldLogbak.java:13] hello world
2020-04-30 11:27:27,488 INFO [main] g.i.g.l.HelloWorldLogbak [HelloWorldLogbak.java:13] hello world
2020-04-30 11:27:27,518 INFO [main] g.i.g.l.HelloWorldLogbak [HelloWorldLogbak.java:13] hello world
2020-04-30 11:27:27,548 INFO [main] g.i.g.l.HelloWorldLogbak [HelloWorldLogbak.java:13] hello world
2020-04-30 11:27:27,578 INFO [main] g.i.g.l.HelloWorldLogbak [HelloWorldLogbak.java:13] hello world
2020-04-30 11:27:27,609 INFO [main] g.i.g.l.HelloWorldLogbak [HelloWorldLogbak.java:13] hello world
2020-04-30 11:27:27,640 INFO [main] g.i.g.l.HelloWorldLogbak [HelloWorldLogbak.java:13] hello world
2020-04-30 11:27:27,670 INFO [main] g.i.g.l.HelloWorldLogbak [HelloWorldLogbak.java:13] hello world
2020-04-30 11:27:27,701 INFO [main] g.i.g.l.HelloWorldLogbak [HelloWorldLogbak.java:13] hello world
2020-04-30 11:27:27,734 INFO [main] g.i.g.l.HelloWorldLogbak [HelloWorldLogbak.java:13] hello world
2020-04-30 11:27:27,764 INFO [main] g.i.g.l.HelloWorldLogbak [HelloWorldLogbak.java:13] hello world
2020-04-30 11:27:27,795 INFO [main] g.i.g.l.HelloWorldLogbak [HelloWorldLogbak.java:13] hello world
2020-04-30 11:27:27,826 INFO [main] g.i.g.l.HelloWorldLogbak [HelloWorldLogbak.java:13] hello world
2020-04-30 11:27:27,856 INFO [main] g.i.g.l.HelloWorldLogbak [HelloWorldLogbak.java:13] hello world
2020-04-30 11:27:27,887 INFO [main] g.i.g.l.HelloWorldLogbak [HelloWorldLogbak.java:13] hello world
2020-04-30 11:27:27,917 INFO [main] g.i.g.l.HelloWorldLogbak [HelloWorldLogbak.java:13] hello world
2020-04-30 11:27:27,948 INFO [main] g.i.g.l.HelloWorldLogbak [HelloWorldLogbak.java:13] hello world
2020-04-30 11:27:27,979 INFO [main] g.i.g.l.HelloWorldLogbak [HelloWorldLogbak.java:13] hello world
2020-04-30 11:27:28,010 INFO [main] g.i.g.l.HelloWorldLogbak [HelloWorldLogbak.java:13] hello world
2020-04-30 11:27:28,042 INFO [main] g.i.g.l.HelloWorldLogbak [HelloWorldLogbak.java:13] hello world
2020-04-30 11:27:28,073 INFO [main] g.i.g.l.HelloWorldLogbak [HelloWorldLogbak.java:13] hello world
2020-04-30 11:27:28,104 INFO [main] g.i.g.l.HelloWorldLogbak [HelloWorldLogbak.java:13] hello world
2020-04-30 11:27:28,135 INFO [main] g.i.g.l.HelloWorldLogbak [HelloWorldLogbak.java:13] hello world
2020-04-30 11:27:28,166 INFO [main] g.i.g.l.HelloWorldLogbak [HelloWorldLogbak.java:13] hello world
2020-04-30 11:27:28,198 INFO [main] g.i.g.l.HelloWorldLogbak [HelloWorldLogbak.java:13] hello world
2020-04-30 11:27:28,229 INFO [main] g.i.g.l.HelloWorldLogbak [HelloWorldLogbak.java:13] hello world
2020-04-30 11:27:28,259 INFO [main] g.i.g.l.HelloWorldLogbak [HelloWorldLogbak.java:13] hello world
2020-04-30 11:27:28,292 INFO [main] g.i.g.l.HelloWorldLogbak [HelloWorldLogbak.java:13] hello world
2020-04-30 11:27:28,324 INFO [main] g.i.g.l.HelloWorldLogbak [HelloWorldLogbak.java:13] hello world
2020-04-30 11:27:28,356 INFO [main] g.i.g.l.HelloWorldLogbak [HelloWorldLogbak.java:13] hello world
2020-04-30 11:27:28,388 INFO [main] g.i.g.l.HelloWorldLogbak [HelloWorldLogbak.java:13] hello world
2020-04-30 11:27:28,418 INFO [main] g.i.g.l.HelloWorldLogbak [HelloWorldLogbak.java:13] hello world
2020-04-30 11:27:28,449 INFO [main] g.i.g.l.HelloWorldLogbak [HelloWorldLogbak.java:13] hello world
2020-04-30 11:27:28,479 INFO [main] g.i.g.l.HelloWorldLogbak [HelloWorldLogbak.java:13] hello world
2020-04-30 11:27:28,512 INFO [main] g.i.g.l.HelloWorldLogbak [HelloWorldLogbak.java:13] hello world
2020-04-30 11:27:28,543 INFO [main] g.i.g.l.HelloWorldLogbak [HelloWorldLogbak.java:13] hello world
2020-04-30 11:27:28,574 INFO [main] g.i.g.l.HelloWorldLogbak [HelloWorldLogbak.java:13] hello world
2020-04-30 11:27:28,605 INFO [main] g.i.g.l.HelloWorldLogbak [HelloWorldLogbak.java:13] hello world
2020-04-30 11:27:28,636 INFO [main] g.i.g.l.HelloWorldLogbak [HelloWorldLogbak.java:13] hello world
2020-04-30 11:27:28,667 INFO [main] g.i.g.l.HelloWorldLogbak [HelloWorldLogbak.java:13] hello world
2020-04-30 11:27:28,697 INFO [main] g.i.g.l.HelloWorldLogbak [HelloWorldLogbak.java:13] hello world
2020-04-30 11:27:28,728 INFO [main] g.i.g.l.HelloWorldLogbak [HelloWorldLogbak.java:13] hello world
2020-04-30 11:27:28,759 INFO [main] g.i.g.l.HelloWorldLogbak [HelloWorldLogbak.java:13] hello world
2020-04-30 11:27:28,790 INFO [main] g.i.g.l.HelloWorldLogbak [HelloWorldLogbak.java:13] hello world
2020-04-30 11:27:28,820 INFO [main] g.i.g.l.HelloWorldLogbak [HelloWorldLogbak.java:13] hello world
2020-04-30 11:27:28,850 INFO [main] g.i.g.l.HelloWorldLogbak [HelloWorldLogbak.java:13] hello world
2020-04-30 11:27:28,883 INFO [main] g.i.g.l.HelloWorldLogbak [HelloWorldLogbak.java:13] hello world
2020-04-30 11:27:28,913 INFO [main] g.i.g.l.HelloWorldLogbak [HelloWorldLogbak.java:13] hello world
2020-04-30 11:27:28,946 INFO [main] g.i.g.l.HelloWorldLogbak [HelloWorldLogbak.java:13] hello world
2020-04-30 11:27:28,978 INFO [main] g.i.g.l.HelloWorldLogbak [HelloWorldLogbak.java:13] hello world
2020-04-30 11:27:29,009 INFO [main] g.i.g.l.HelloWorldLogbak [HelloWorldLogbak.java:13] hello world
2020-04-30 11:27:29,040 INFO [main] g.i.g.l.HelloWorldLogbak [HelloWorldLogbak.java:13] hello world
2020-04-30 11:27:29,071 INFO [main] g.i.g.l.HelloWorldLogbak [HelloWorldLogbak.java:13] hello world
2020-04-30 11:27:29,103 INFO [main] g.i.g.l.HelloWorldLogbak [HelloWorldLogbak.java:13] hello world
2020-04-30 11:27:29,134 INFO [main] g.i.g.l.HelloWorldLogbak [HelloWorldLogbak.java:13] hello world
2020-04-30 11:27:29,164 INFO [main] g.i.g.l.HelloWorldLogbak [HelloWorldLogbak.java:13] hello world
2020-04-30 11:27:29,194 INFO [main] g.i.g.l.HelloWorldLogbak [HelloWorldLogbak.java:13] hello world
2020-04-30 11:27:29,225 INFO [main] g.i.g.l.HelloWorldLogbak [HelloWorldLogbak.java:13] hello world
2020-04-30 11:27:29,255 INFO [main] g.i.g.l.HelloWorldLogbak [HelloWorldLogbak.java:13] hello world
2020-04-30 11:27:29,287 INFO [main] g.i.g.l.HelloWorldLogbak [HelloWorldLogbak.java:13] hello world
2020-04-30 11:27:29,319 INFO [main] g.i.g.l.HelloWorldLogbak [HelloWorldLogbak.java:13] hello world
2020-04-30 11:27:29,350 INFO [main] g.i.g.l.HelloWorldLogbak [HelloWorldLogbak.java:13] hello world
2020-04-30 11:27:29,381 INFO [main] g.i.g.l.HelloWorldLogbak [HelloWorldLogbak.java:13] hello world
2020-04-30 11:27:29,412 INFO [main] g.i.g.l.HelloWorldLogbak [HelloWorldLogbak.java:13] hello world
2020-04-30 11:27:29,442 INFO [main] g.i.g.l.HelloWorldLogbak [HelloWorldLogbak.java:13] hello world
2020-04-30 11:27:29,473 INFO [main] g.i.g.l.HelloWorldLogbak [HelloWorldLogbak.java:13] hello world
2020-04-30 11:27:29,504 INFO [main] g.i.g.l.HelloWorldLogbak [HelloWorldLogbak.java:13] hello world
2020-04-30 11:27:29,537 INFO [main] g.i.g.l.HelloWorldLogbak [HelloWorldLogbak.java:13] hello world
2020-04-30 11:27:29,569 INFO [main] g.i.g.l.HelloWorldLogbak [HelloWorldLogbak.java:13] hello world
2020-04-30 11:27:29,599 INFO [main] g.i.g.l.HelloWorldLogbak [HelloWorldLogbak.java:13] hello world
2020-04-30 11:27:29,629 INFO [main] g.i.g.l.HelloWorldLogbak [HelloWorldLogbak.java:13] hello world
2020-04-30 11:27:29,660 INFO [main] g.i.g.l.HelloWorldLogbak [HelloWorldLogbak.java:13] hello world
2020-04-30 11:27:29,691 INFO [main] g.i.g.l.HelloWorldLogbak [HelloWorldLogbak.java:13] hello world
2020-04-30 11:27:29,722 INFO [main] g.i.g.l.HelloWorldLogbak [HelloWorldLogbak.java:13] hello world
2020-06-04 09:56:37,293 INFO [main] g.i.g.GetImageInfoApplicationTests [StartupInfoLogger.java:55] Starting GetImageInfoApplicationTests on GAICHAO1 with PID 13980 (started by GaiChao in C:\work\git_project\java_component)
2020-06-04 09:56:37,299 DEBUG [main] g.i.g.GetImageInfoApplicationTests [StartupInfoLogger.java:56] Running with Spring Boot v2.2.6.RELEASE, Spring v5.2.5.RELEASE
2020-06-04 09:56:37,300 INFO [main] g.i.g.GetImageInfoApplicationTests [SpringApplication.java:651] No active profile set, falling back to default profiles: default
2020-06-04 09:56:41,207 INFO [main] g.i.g.GetImageInfoApplicationTests [StartupInfoLogger.java:61] Started GetImageInfoApplicationTests in 4.42 seconds (JVM running for 6.74)
2020-06-04 09:58:21,241 INFO [main] g.i.g.r.ReflectionCache [ReflectionCache.java:12] v1
2020-06-05 09:33:18,557 INFO [Thread-3] g.i.g.t.TestThreadLocal [TestThreadLocal.java:10] current thead id:Thread-3 getId
2020-06-05 09:33:18,557 INFO [Thread-2] g.i.g.t.TestThreadLocal [TestThreadLocal.java:10] current thead id:Thread-2 getId
2020-06-05 09:33:18,572 INFO [Thread-3] g.i.g.t.TestThreadLocal [TestThreadLocal.java:11] current thead id:Thread-3 getId
2020-06-05 09:33:18,557 INFO [Thread-8] g.i.g.t.TestThreadLocal [TestThreadLocal.java:10] current thead id:Thread-8 getId
2020-06-05 09:33:18,573 INFO [Thread-3] g.i.g.t.TestThreadLocal [TestThreadLocal.java:12] current thead id:Thread-3 getId
2020-06-05 09:33:18,573 INFO [Thread-8] g.i.g.t.TestThreadLocal [TestThreadLocal.java:11] current thead id:Thread-8 getId
2020-06-05 09:33:18,557 INFO [Thread-4] g.i.g.t.TestThreadLocal [TestThreadLocal.java:10] current thead id:Thread-4 getId
2020-06-05 09:33:18,557 INFO [Thread-1] g.i.g.t.TestThreadLocal [TestThreadLocal.java:10] current thead id:Thread-1 getId
2020-06-05 09:33:18,573 INFO [Thread-8] g.i.g.t.TestThreadLocal [TestThreadLocal.java:12] current thead id:Thread-8 getId
2020-06-05 09:33:18,573 INFO [Thread-4] g.i.g.t.TestThreadLocal [TestThreadLocal.java:11] current thead id:Thread-4 getId
2020-06-05 09:33:18,573 INFO [Thread-1] g.i.g.t.TestThreadLocal [TestThreadLocal.java:11] current thead id:Thread-1 getId
2020-06-05 09:33:18,557 INFO [Thread-7] g.i.g.t.TestThreadLocal [TestThreadLocal.java:10] current thead id:Thread-7 getId
2020-06-05 09:33:18,558 INFO [Thread-9] g.i.g.t.TestThreadLocal [TestThreadLocal.java:10] current thead id:Thread-9 getId
2020-06-05 09:33:18,557 INFO [Thread-0] g.i.g.t.TestThreadLocal [TestThreadLocal.java:10] current thead id:Thread-0 getId
2020-06-05 09:33:18,566 INFO [Thread-5] g.i.g.t.TestThreadLocal [TestThreadLocal.java:10] current thead id:Thread-5 getId
2020-06-05 09:33:18,574 INFO [Thread-9] g.i.g.t.TestThreadLocal [TestThreadLocal.java:11] current thead id:Thread-9 getId
2020-06-05 09:33:18,574 INFO [Thread-5] g.i.g.t.TestThreadLocal [TestThreadLocal.java:11] current thead id:Thread-5 getId
2020-06-05 09:33:18,574 INFO [Thread-9] g.i.g.t.TestThreadLocal [TestThreadLocal.java:12] current thead id:Thread-9 getId
2020-06-05 09:33:18,574 INFO [Thread-5] g.i.g.t.TestThreadLocal [TestThreadLocal.java:12] current thead id:Thread-5 getId
2020-06-05 09:33:18,557 INFO [Thread-6] g.i.g.t.TestThreadLocal [TestThreadLocal.java:10] current thead id:Thread-6 getId
2020-06-05 09:33:18,575 INFO [Thread-6] g.i.g.t.TestThreadLocal [TestThreadLocal.java:11] current thead id:Thread-6 getId
2020-06-05 09:33:18,572 INFO [Thread-2] g.i.g.t.TestThreadLocal [TestThreadLocal.java:11] current thead id:Thread-2 getId
2020-06-05 09:33:18,574 INFO [Thread-4] g.i.g.t.TestThreadLocal [TestThreadLocal.java:12] current thead id:Thread-4 getId
2020-06-05 09:33:18,575 INFO [Thread-6] g.i.g.t.TestThreadLocal [TestThreadLocal.java:12] current thead id:Thread-6 getId
2020-06-05 09:33:18,574 INFO [Thread-1] g.i.g.t.TestThreadLocal [TestThreadLocal.java:12] current thead id:Thread-1 getId
2020-06-05 09:33:18,574 INFO [Thread-7] g.i.g.t.TestThreadLocal [TestThreadLocal.java:11] current thead id:Thread-7 getId
2020-06-05 09:33:18,574 INFO [Thread-0] g.i.g.t.TestThreadLocal [TestThreadLocal.java:11] current thead id:Thread-0 getId
2020-06-05 09:33:18,575 INFO [Thread-2] g.i.g.t.TestThreadLocal [TestThreadLocal.java:12] current thead id:Thread-2 getId
2020-06-05 09:33:18,576 INFO [Thread-7] g.i.g.t.TestThreadLocal [TestThreadLocal.java:12] current thead id:Thread-7 getId
2020-06-05 09:33:18,576 INFO [Thread-0] g.i.g.t.TestThreadLocal [TestThreadLocal.java:12] current thead id:Thread-0 getId
2020-06-05 09:34:00,818 INFO [Thread-9] g.i.g.t.TestThreadLocal [TestThreadLocal.java:10] current thead id:Thread-9 getId:1
2020-06-05 09:34:00,826 INFO [Thread-8] g.i.g.t.TestThreadLocal [TestThreadLocal.java:10] current thead id:Thread-8 getId:2
2020-06-05 09:34:00,830 INFO [Thread-9] g.i.g.t.TestThreadLocal [TestThreadLocal.java:11] current thead id:Thread-9 getId:1
2020-06-05 09:34:00,817 INFO [Thread-1] g.i.g.t.TestThreadLocal [TestThreadLocal.java:10] current thead id:Thread-1 getId:5
2020-06-05 09:34:00,830 INFO [Thread-9] g.i.g.t.TestThreadLocal [TestThreadLocal.java:12] current thead id:Thread-9 getId:1
2020-06-05 09:34:00,814 INFO [Thread-6] g.i.g.t.TestThreadLocal [TestThreadLocal.java:10] current thead id:Thread-6 getId:0
2020-06-05 09:34:00,818 INFO [Thread-0] g.i.g.t.TestThreadLocal [TestThreadLocal.java:10] current thead id:Thread-0 getId:3
2020-06-05 09:34:00,831 INFO [Thread-6] g.i.g.t.TestThreadLocal [TestThreadLocal.java:11] current thead id:Thread-6 getId:0
2020-06-05 09:34:00,818 INFO [Thread-2] g.i.g.t.TestThreadLocal [TestThreadLocal.java:10] current thead id:Thread-2 getId:4
2020-06-05 09:34:00,831 INFO [Thread-0] g.i.g.t.TestThreadLocal [TestThreadLocal.java:11] current thead id:Thread-0 getId:3
2020-06-05 09:34:00,831 INFO [Thread-6] g.i.g.t.TestThreadLocal [TestThreadLocal.java:12] current thead id:Thread-6 getId:0
2020-06-05 09:34:00,816 INFO [Thread-5] g.i.g.t.TestThreadLocal [TestThreadLocal.java:10] current thead id:Thread-5 getId:6
2020-06-05 09:34:00,817 INFO [Thread-4] g.i.g.t.TestThreadLocal [TestThreadLocal.java:10] current thead id:Thread-4 getId:9
2020-06-05 09:34:00,830 INFO [Thread-8] g.i.g.t.TestThreadLocal [TestThreadLocal.java:11] current thead id:Thread-8 getId:2
2020-06-05 09:34:00,816 INFO [Thread-7] g.i.g.t.TestThreadLocal [TestThreadLocal.java:10] current thead id:Thread-7 getId:8
2020-06-05 09:34:00,817 INFO [Thread-3] g.i.g.t.TestThreadLocal [TestThreadLocal.java:10] current thead id:Thread-3 getId:7
2020-06-05 09:34:00,830 INFO [Thread-1] g.i.g.t.TestThreadLocal [TestThreadLocal.java:11] current thead id:Thread-1 getId:5
2020-06-05 09:34:00,833 INFO [Thread-3] g.i.g.t.TestThreadLocal [TestThreadLocal.java:11] current thead id:Thread-3 getId:7
2020-06-05 09:34:00,833 INFO [Thread-3] g.i.g.t.TestThreadLocal [TestThreadLocal.java:12] current thead id:Thread-3 getId:7
2020-06-05 09:34:00,831 INFO [Thread-0] g.i.g.t.TestThreadLocal [TestThreadLocal.java:12] current thead id:Thread-0 getId:3
2020-06-05 09:34:00,832 INFO [Thread-5] g.i.g.t.TestThreadLocal [TestThreadLocal.java:11] current thead id:Thread-5 getId:6
2020-06-05 09:34:00,834 INFO [Thread-5] g.i.g.t.TestThreadLocal [TestThreadLocal.java:12] current thead id:Thread-5 getId:6
2020-06-05 09:34:00,832 INFO [Thread-7] g.i.g.t.TestThreadLocal [TestThreadLocal.java:11] current thead id:Thread-7 getId:8
2020-06-05 09:34:00,832 INFO [Thread-8] g.i.g.t.TestThreadLocal [TestThreadLocal.java:12] current thead id:Thread-8 getId:2
2020-06-05 09:34:00,833 INFO [Thread-1] g.i.g.t.TestThreadLocal [TestThreadLocal.java:12] current thead id:Thread-1 getId:5
2020-06-05 09:34:00,832 INFO [Thread-4] g.i.g.t.TestThreadLocal [TestThreadLocal.java:11] current thead id:Thread-4 getId:9
2020-06-05 09:34:00,831 INFO [Thread-2] g.i.g.t.TestThreadLocal [TestThreadLocal.java:11] current thead id:Thread-2 getId:4
2020-06-05 09:34:00,835 INFO [Thread-4] g.i.g.t.TestThreadLocal [TestThreadLocal.java:12] current thead id:Thread-4 getId:9
2020-06-05 09:34:00,834 INFO [Thread-7] g.i.g.t.TestThreadLocal [TestThreadLocal.java:12] current thead id:Thread-7 getId:8
2020-06-05 09:34:00,835 INFO [Thread-2] g.i.g.t.TestThreadLocal [TestThreadLocal.java:12] current thead id:Thread-2 getId:4
2020-06-06 10:00:49,360 INFO [main] g.i.g.c.TestClassComponent [TestClassComponent.java:16] array class:class java.lang.Object
2020-06-06 10:02:09,300 INFO [main] g.i.g.c.TestClassComponent [TestClassComponent.java:16] array class:class java.lang.Object
2020-06-06 10:03:04,128 INFO [main] g.i.g.c.TestClassComponent [TestClassComponent.java:20] String class:null
2020-06-06 10:05:19,751 INFO [main] g.i.g.c.TestClassComponent [TestClassComponent.java:13] array class:class java.lang.String
2020-06-06 10:05:59,152 INFO [main] g.i.g.c.TestClassComponent [TestClassComponent.java:17] String class:null
2020-06-06 10:12:06,852 INFO [main] g.i.g.c.TestClassComponent [TestClassComponent.java:12] array class:class java.lang.String
2020-06-06 10:12:12,618 INFO [main] g.i.g.c.TestClassComponent [TestClassComponent.java:16] String class:null
2020-06-15 10:04:09,293 INFO [main] g.i.g.SpringBootLearningTest [StartupInfoLogger.java:55] Starting SpringBootLearningTest on GAICHAO1 with PID 17320 (started by GaiChao in C:\work\git_project\java_component)
2020-06-15 10:04:09,300 DEBUG [main] g.i.g.SpringBootLearningTest [StartupInfoLogger.java:56] Running with Spring Boot v2.2.6.RELEASE, Spring v5.2.5.RELEASE
2020-06-15 10:04:09,301 INFO [main] g.i.g.SpringBootLearningTest [SpringApplication.java:651] No active profile set, falling back to default profiles: default
2020-06-15 10:04:13,047 INFO [main] g.i.g.SpringBootLearningTest [StartupInfoLogger.java:61] Started SpringBootLearningTest in 4.421 seconds (JVM running for 9.817)
2020-06-15 10:07:37,559 INFO [main] g.i.g.SpringBootLearningTest [StartupInfoLogger.java:55] Starting SpringBootLearningTest on GAICHAO1 with PID 22288 (started by GaiChao in C:\work\git_project\java_component)
2020-06-15 10:07:37,571 DEBUG [main] g.i.g.SpringBootLearningTest [StartupInfoLogger.java:56] Running with Spring Boot v2.2.6.RELEASE, Spring v5.2.5.RELEASE
2020-06-15 10:07:37,572 INFO [main] g.i.g.SpringBootLearningTest [SpringApplication.java:651] No active profile set, falling back to default profiles: default
2020-06-15 10:07:41,580 INFO [main] g.i.g.SpringBootLearningTest [StartupInfoLogger.java:61] Started SpringBootLearningTest in 4.55 seconds (JVM running for 10.164)
2020-06-15 10:09:56,311 INFO [main] g.i.g.SpringBootLearningTest [StartupInfoLogger.java:55] Starting SpringBootLearningTest on GAICHAO1 with PID 5864 (started by GaiChao in C:\work\git_project\java_component)
2020-06-15 10:09:56,322 DEBUG [main] g.i.g.SpringBootLearningTest [StartupInfoLogger.java:56] Running with Spring Boot v2.2.6.RELEASE, Spring v5.2.5.RELEASE
2020-06-15 10:09:56,324 INFO [main] g.i.g.SpringBootLearningTest [SpringApplication.java:651] No active profile set, falling back to default profiles: default
2020-06-15 10:13:29,039 INFO [main] g.i.g.SpringBootLearningTest [StartupInfoLogger.java:55] Starting SpringBootLearningTest on GAICHAO1 with PID 17432 (started by GaiChao in C:\work\git_project\java_component)
2020-06-15 10:13:29,049 DEBUG [main] g.i.g.SpringBootLearningTest [StartupInfoLogger.java:56] Running with Spring Boot v2.2.6.RELEASE, Spring v5.2.5.RELEASE
2020-06-15 10:13:29,051 INFO [main] g.i.g.SpringBootLearningTest [SpringApplication.java:651] No active profile set, falling back to default profiles: default
2020-06-15 10:13:32,811 INFO [main] g.i.g.SpringBootLearningTest [StartupInfoLogger.java:61] Started SpringBootLearningTest in 4.307 seconds (JVM running for 9.948)
2020-06-15 10:14:44,840 INFO [main] g.i.g.SpringBootLearningTest [StartupInfoLogger.java:55] Starting SpringBootLearningTest on GAICHAO1 with PID 45428 (started by GaiChao in C:\work\git_project\java_component)
2020-06-15 10:14:44,849 DEBUG [main] g.i.g.SpringBootLearningTest [StartupInfoLogger.java:56] Running with Spring Boot v2.2.6.RELEASE, Spring v5.2.5.RELEASE
2020-06-15 10:14:44,850 INFO [main] g.i.g.SpringBootLearningTest [SpringApplication.java:651] No active profile set, falling back to default profiles: default
2020-06-15 10:14:48,385 INFO [main] g.i.g.SpringBootLearningTest [StartupInfoLogger.java:61] Started SpringBootLearningTest in 4.156 seconds (JVM running for 9.828)
2020-06-15 10:17:41,419 INFO [main] g.i.g.SpringBootLearningTest [StartupInfoLogger.java:55] Starting SpringBootLearningTest on GAICHAO1 with PID 44164 (started by GaiChao in C:\work\git_project\java_component)
2020-06-15 10:17:41,429 DEBUG [main] g.i.g.SpringBootLearningTest [StartupInfoLogger.java:56] Running with Spring Boot v2.2.6.RELEASE, Spring v5.2.5.RELEASE
2020-06-15 10:17:41,430 INFO [main] g.i.g.SpringBootLearningTest [SpringApplication.java:651] No active profile set, falling back to default profiles: default
2020-06-15 10:17:45,058 INFO [main] g.i.g.SpringBootLearningTest [StartupInfoLogger.java:61] Started SpringBootLearningTest in 4.225 seconds (JVM running for 9.022)
2020-06-15 10:26:08,936 INFO [main] g.i.g.SpringBootLearningTest [StartupInfoLogger.java:55] Starting SpringBootLearningTest on GAICHAO1 with PID 42736 (started by GaiChao in C:\work\git_project\java_component)
2020-06-15 10:26:08,943 DEBUG [main] g.i.g.SpringBootLearningTest [StartupInfoLogger.java:56] Running with Spring Boot v2.2.6.RELEASE, Spring v5.2.5.RELEASE
2020-06-15 10:26:08,946 INFO [main] g.i.g.SpringBootLearningTest [SpringApplication.java:651] No active profile set, falling back to default profiles: default
2020-06-15 10:26:12,413 INFO [main] g.i.g.SpringBootLearningTest [StartupInfoLogger.java:61] Started SpringBootLearningTest in 3.947 seconds (JVM running for 9.004)
2020-06-15 10:36:02,376 INFO [main] g.i.g.SpringBootLearningTest [StartupInfoLogger.java:55] Starting SpringBootLearningTest on GAICHAO1 with PID 31688 (started by GaiChao in C:\work\git_project\java_component)
2020-06-15 10:36:02,383 DEBUG [main] g.i.g.SpringBootLearningTest [StartupInfoLogger.java:56] Running with Spring Boot v2.2.6.RELEASE, Spring v5.2.5.RELEASE
2020-06-15 10:36:02,384 INFO [main] g.i.g.SpringBootLearningTest [SpringApplication.java:651] No active profile set, falling back to default profiles: default
2020-06-15 10:36:05,605 INFO [main] g.i.g.SpringBootLearningTest [StartupInfoLogger.java:61] Started SpringBootLearningTest in 3.753 seconds (JVM running for 8.367)
2020-06-15 10:41:48,198 INFO [main] g.i.g.SpringBootLearningTest [StartupInfoLogger.java:55] Starting SpringBootLearningTest on GAICHAO1 with PID 48936 (started by GaiChao in C:\work\git_project\java_component)
2020-06-15 10:41:48,204 DEBUG [main] g.i.g.SpringBootLearningTest [StartupInfoLogger.java:56] Running with Spring Boot v2.2.6.RELEASE, Spring v5.2.5.RELEASE
2020-06-15 10:41:48,205 INFO [main] g.i.g.SpringBootLearningTest [SpringApplication.java:651] No active profile set, falling back to default profiles: default
2020-06-15 10:41:51,403 INFO [main] g.i.g.SpringBootLearningTest [StartupInfoLogger.java:61] Started SpringBootLearningTest in 3.783 seconds (JVM running for 8.291)
2020-06-15 10:57:17,191 INFO [main] g.i.g.SpringBootLearningTest [StartupInfoLogger.java:55] Starting SpringBootLearningTest on GAICHAO1 with PID 43160 (started by GaiChao in C:\work\git_project\java_component)
2020-06-15 10:57:17,198 DEBUG [main] g.i.g.SpringBootLearningTest [StartupInfoLogger.java:56] Running with Spring Boot v2.2.6.RELEASE, Spring v5.2.5.RELEASE
2020-06-15 10:57:17,199 INFO [main] g.i.g.SpringBootLearningTest [SpringApplication.java:651] No active profile set, falling back to default profiles: default
2020-06-15 10:57:20,469 INFO [main] g.i.g.SpringBootLearningTest [StartupInfoLogger.java:61] Started SpringBootLearningTest in 3.84 seconds (JVM running for 8.508)
2020-06-15 11:06:53,769 INFO [main] g.i.g.SpringBootLearningTest [StartupInfoLogger.java:55] Starting SpringBootLearningTest on GAICHAO1 with PID 49696 (started by GaiChao in C:\work\git_project\java_component)
2020-06-15 11:06:53,777 DEBUG [main] g.i.g.SpringBootLearningTest [StartupInfoLogger.java:56] Running with Spring Boot v2.2.6.RELEASE, Spring v5.2.5.RELEASE
2020-06-15 11:06:53,779 INFO [main] g.i.g.SpringBootLearningTest [SpringApplication.java:651] No active profile set, falling back to default profiles: default
2020-06-15 11:06:57,511 INFO [main] g.i.g.SpringBootLearningTest [StartupInfoLogger.java:61] Started SpringBootLearningTest in 4.35 seconds (JVM running for 9.873)
2020-06-15 11:15:50,864 INFO [main] g.i.g.SpringBootLearningTest [StartupInfoLogger.java:55] Starting SpringBootLearningTest on GAICHAO1 with PID 46412 (started by GaiChao in C:\work\git_project\java_component)
2020-06-15 11:15:50,870 DEBUG [main] g.i.g.SpringBootLearningTest [StartupInfoLogger.java:56] Running with Spring Boot v2.2.6.RELEASE, Spring v5.2.5.RELEASE
2020-06-15 11:15:50,871 INFO [main] g.i.g.SpringBootLearningTest [SpringApplication.java:651] No active profile set, falling back to default profiles: default
2020-06-15 11:15:54,478 INFO [main] g.i.g.SpringBootLearningTest [StartupInfoLogger.java:61] Started SpringBootLearningTest in 4.177 seconds (JVM running for 9.113)
2020-06-15 11:17:14,631 INFO [main] g.i.g.SpringBootLearningTest [StartupInfoLogger.java:55] Starting SpringBootLearningTest on GAICHAO1 with PID 46224 (started by GaiChao in C:\work\git_project\java_component)
2020-06-15 11:17:14,641 DEBUG [main] g.i.g.SpringBootLearningTest [StartupInfoLogger.java:56] Running with Spring Boot v2.2.6.RELEASE, Spring v5.2.5.RELEASE
2020-06-15 11:17:14,642 INFO [main] g.i.g.SpringBootLearningTest [SpringApplication.java:651] No active profile set, falling back to default profiles: default
2020-06-15 11:17:18,156 INFO [main] g.i.g.SpringBootLearningTest [StartupInfoLogger.java:61] Started SpringBootLearningTest in 4.333 seconds (JVM running for 7.875)
2020-06-15 11:18:05,899 INFO [main] g.i.g.SpringBootLearningTest [StartupInfoLogger.java:55] Starting SpringBootLearningTest on GAICHAO1 with PID 43376 (started by GaiChao in C:\work\git_project\java_component)
2020-06-15 11:18:05,914 DEBUG [main] g.i.g.SpringBootLearningTest [StartupInfoLogger.java:56] Running with Spring Boot v2.2.6.RELEASE, Spring v5.2.5.RELEASE
2020-06-15 11:18:05,915 INFO [main] g.i.g.SpringBootLearningTest [SpringApplication.java:651] No active profile set, falling back to default profiles: default
2020-06-15 11:18:10,804 INFO [main] g.i.g.SpringBootLearningTest [StartupInfoLogger.java:61] Started SpringBootLearningTest in 5.781 seconds (JVM running for 10.153)
2020-06-15 11:19:24,321 INFO [main] g.i.g.SpringBootLearningTest [StartupInfoLogger.java:55] Starting SpringBootLearningTest on GAICHAO1 with PID 27612 (started by GaiChao in C:\work\git_project\java_component)
2020-06-15 11:19:24,327 DEBUG [main] g.i.g.SpringBootLearningTest [StartupInfoLogger.java:56] Running with Spring Boot v2.2.6.RELEASE, Spring v5.2.5.RELEASE
2020-06-15 11:19:24,328 INFO [main] g.i.g.SpringBootLearningTest [SpringApplication.java:651] No active profile set, falling back to default profiles: default
2020-06-15 11:19:27,520 INFO [main] g.i.g.SpringBootLearningTest [StartupInfoLogger.java:61] Started SpringBootLearningTest in 3.773 seconds (JVM running for 8.641)
